
> el-mostafa-portfolio@0.0.0 start
> ng serve --host 127.0.0.1 --port 4203

[33m>[39m Building...
[32m√[39m Building...
[1mInitial chunk files[22m[2m | [22m[1mNames[22m                           [2m | [22m [1mRaw size[22m
[32mchunk-7TCZ32FM.js[39m  [2m | [22m[2m-[22m                               [2m | [22m [36m97.61 kB[39m[2m | [22m
[32mstyles.css[39m         [2m | [22m[2mstyles[22m                          [2m | [22m [36m75.54 kB[39m[2m | [22m
[32mmain.js[39m            [2m | [22m[2mmain[22m                            [2m | [22m [36m20.11 kB[39m[2m | [22m
[32mchunk-6VYEP5LT.js[39m  [2m | [22m[2m-[22m                               [2m | [22m  [36m8.64 kB[39m[2m | [22m
[32mchunk-W7J32LVE.js[39m  [2m | [22m[2m-[22m                               [2m | [22m  [36m7.13 kB[39m[2m | [22m
[32mchunk-MVYUI4RQ.js[39m  [2m | [22m[2m-[22m                               [2m | [22m  [36m3.12 kB[39m[2m | [22m
[32mchunk-RMG7G3OQ.js[39m  [2m | [22m[2m-[22m                               [2m | [22m  [36m2.05 kB[39m[2m | [22m
[32mchunk-JAL3ZJFP.js[39m  [2m | [22m[2m-[22m                               [2m | [22m  [36m1.62 kB[39m[2m | [22m
[32mchunk-OWROQROE.js[39m  [2m | [22m[2m-[22m                               [2m | [22m  [36m1.13 kB[39m[2m | [22m

[1m [22m                  [2m | [22m[1mInitial total[22m                   [2m | [22m[1m216.95 kB[22m

[1mLazy chunk files[22m   [2m | [22m[1mNames[22m                           [2m | [22m [1mRaw size[22m
[32mchunk-4L56TK5Z.js[39m  [2m | [22m[2mpublic-home-component[22m           [2m | [22m[36m188.23 kB[39m[2m | [22m
[32mchunk-VMHBWDRY.js[39m  [2m | [22m[2m-[22m                               [2m | [22m [36m76.72 kB[39m[2m | [22m
[32mchunk-Q6LY7VB4.js[39m  [2m | [22m[2madmin-catalog-products-component[22m[2m | [22m [36m63.90 kB[39m[2m | [22m
[32mchunk-QCNZNPZU.js[39m  [2m | [22m[2madmin-quotes-component[22m          [2m | [22m [36m62.51 kB[39m[2m | [22m
[32mchunk-UM4MFLSM.js[39m  [2m | [22m[2madmin-products-component[22m        [2m | [22m [36m58.48 kB[39m[2m | [22m
[32mchunk-RP3IZEDM.js[39m  [2m | [22m[2madmin-resources-component[22m       [2m | [22m [36m57.85 kB[39m[2m | [22m
[32mchunk-4QVFKZIF.js[39m  [2m | [22m[2madmin-visual-editor-component[22m   [2m | [22m [36m46.67 kB[39m[2m | [22m
[32mchunk-WF6KVZZT.js[39m  [2m | [22m[2madmin-site-content-component[22m    [2m | [22m [36m44.79 kB[39m[2m | [22m
[32mchunk-RBM2GE6T.js[39m  [2m | [22m[2madmin-layout-component[22m          [2m | [22m [36m44.51 kB[39m[2m | [22m
[32mchunk-PNLBV3J7.js[39m  [2m | [22m[2madmin-articles-component[22m        [2m | [22m [36m37.80 kB[39m[2m | [22m
[32mchunk-EBTD3CQ5.js[39m  [2m | [22m[2madmin-messages-component[22m        [2m | [22m [36m37.05 kB[39m[2m | [22m
[32mchunk-4KPP5OGO.js[39m  [2m | [22m[2madmin-settings-component[22m        [2m | [22m [36m29.68 kB[39m[2m | [22m
[32mchunk-4IKNDV37.js[39m  [2m | [22m[2madmin-login-component[22m           [2m | [22m [36m28.30 kB[39m[2m | [22m
[32mchunk-M2ME6SLS.js[39m  [2m | [22m[2madmin-origins-component[22m         [2m | [22m [36m27.47 kB[39m[2m | [22m
[32mchunk-QO7V6VTX.js[39m  [2m | [22m[2madmin-dashboard-component[22m       [2m | [22m [36m25.30 kB[39m[2m | [22m
[2m...and 26 more lazy chunks files. Use "--verbose" to show all the files.[22m

Application bundle generation complete. [7.422 seconds] - 2026-05-12T11:28:31.049Z

Watch mode enabled. Watching for file changes...
NOTE: Raw file sizes do not reflect development server per-request transformations.
  [32m➜[39m  [1mLocal[22m:   [36mhttp://127.0.0.1:[1m4203[22m/[39m
[33m>[39m Changes detected. Rebuilding...
[32m√[39m Changes detected. Rebuilding...
[1mInitial chunk files[22m[2m | [22m[1mNames[22m                [2m | [22m [1mRaw size[22m
[32mmain.js[39m            [2m | [22m[2mmain[22m                 [2m | [22m [36m20.11 kB[39m[2m | [22m

[1mLazy chunk files[22m   [2m | [22m[1mNames[22m                [2m | [22m [1mRaw size[22m
[32mchunk-4AAUJOD6.js[39m  [2m | [22m[2mpublic-home-component[22m[2m | [22m[36m187.99 kB[39m[2m | [22m

Application bundle generation complete. [4.699 seconds] - 2026-05-12T11:35:50.021Z

Page reload sent to client(s).
[33m>[39m Changes detected. Rebuilding...
[32m√[39m Changes detected. Rebuilding...
[1mInitial chunk files[22m[2m | [22m[1mNames[22m                [2m | [22m [1mRaw size[22m
[32mmain.js[39m            [2m | [22m[2mmain[22m                 [2m | [22m [36m20.11 kB[39m[2m | [22m

[1mLazy chunk files[22m   [2m | [22m[1mNames[22m                [2m | [22m [1mRaw size[22m
[32mchunk-ETQMCQJL.js[39m  [2m | [22m[2mpublic-home-component[22m[2m | [22m[36m188.00 kB[39m[2m | [22m

Application bundle generation complete. [0.797 seconds] - 2026-05-12T11:37:01.474Z

Component update sent to client(s).
[33m>[39m Changes detected. Rebuilding...
[32m√[39m Changes detected. Rebuilding...
[1mInitial chunk files[22m[2m | [22m[1mNames[22m                           [2m | [22m [1mRaw size[22m
[32mchunk-7TCZ32FM.js[39m  [2m | [22m[2m-[22m                               [2m | [22m [36m97.61 kB[39m[2m | [22m
[32mstyles.css[39m         [2m | [22m[2mstyles[22m                          [2m | [22m [36m75.54 kB[39m[2m | [22m
[32mmain.js[39m            [2m | [22m[2mmain[22m                            [2m | [22m [36m20.11 kB[39m[2m | [22m
[32mchunk-6VYEP5LT.js[39m  [2m | [22m[2m-[22m                               [2m | [22m  [36m8.64 kB[39m[2m | [22m
[32mchunk-W7J32LVE.js[39m  [2m | [22m[2m-[22m                               [2m | [22m  [36m7.13 kB[39m[2m | [22m
[32mchunk-MVYUI4RQ.js[39m  [2m | [22m[2m-[22m                               [2m | [22m  [36m3.12 kB[39m[2m | [22m
[32mchunk-RMG7G3OQ.js[39m  [2m | [22m[2m-[22m                               [2m | [22m  [36m2.05 kB[39m[2m | [22m
[32mchunk-JAL3ZJFP.js[39m  [2m | [22m[2m-[22m                               [2m | [22m  [36m1.62 kB[39m[2m | [22m
[32mchunk-OWROQROE.js[39m  [2m | [22m[2m-[22m                               [2m | [22m  [36m1.13 kB[39m[2m | [22m

[1m [22m                  [2m | [22m[1mInitial total[22m                   [2m | [22m[1m216.95 kB[22m

[1mLazy chunk files[22m   [2m | [22m[1mNames[22m                           [2m | [22m [1mRaw size[22m
[32mchunk-ETQMCQJL.js[39m  [2m | [22m[2mpublic-home-component[22m           [2m | [22m[36m188.00 kB[39m[2m | [22m
[32mchunk-VMHBWDRY.js[39m  [2m | [22m[2m-[22m                               [2m | [22m [36m76.72 kB[39m[2m | [22m
[32mchunk-Q6LY7VB4.js[39m  [2m | [22m[2madmin-catalog-products-component[22m[2m | [22m [36m63.90 kB[39m[2m | [22m
[32mchunk-QCNZNPZU.js[39m  [2m | [22m[2madmin-quotes-component[22m          [2m | [22m [36m62.51 kB[39m[2m | [22m
[32mchunk-UM4MFLSM.js[39m  [2m | [22m[2madmin-products-component[22m        [2m | [22m [36m58.48 kB[39m[2m | [22m
[32mchunk-RP3IZEDM.js[39m  [2m | [22m[2madmin-resources-component[22m       [2m | [22m [36m57.85 kB[39m[2m | [22m
[32mchunk-4QVFKZIF.js[39m  [2m | [22m[2madmin-visual-editor-component[22m   [2m | [22m [36m46.67 kB[39m[2m | [22m
[32mchunk-WF6KVZZT.js[39m  [2m | [22m[2madmin-site-content-component[22m    [2m | [22m [36m44.79 kB[39m[2m | [22m
[32mchunk-RBM2GE6T.js[39m  [2m | [22m[2madmin-layout-component[22m          [2m | [22m [36m44.51 kB[39m[2m | [22m
[32mchunk-PNLBV3J7.js[39m  [2m | [22m[2madmin-articles-component[22m        [2m | [22m [36m37.80 kB[39m[2m | [22m
[32mchunk-EBTD3CQ5.js[39m  [2m | [22m[2madmin-messages-component[22m        [2m | [22m [36m37.05 kB[39m[2m | [22m
[32mchunk-4KPP5OGO.js[39m  [2m | [22m[2madmin-settings-component[22m        [2m | [22m [36m29.68 kB[39m[2m | [22m
[32mchunk-4IKNDV37.js[39m  [2m | [22m[2madmin-login-component[22m           [2m | [22m [36m28.30 kB[39m[2m | [22m
[32mchunk-M2ME6SLS.js[39m  [2m | [22m[2madmin-origins-component[22m         [2m | [22m [36m27.47 kB[39m[2m | [22m
[32mchunk-QO7V6VTX.js[39m  [2m | [22m[2madmin-dashboard-component[22m       [2m | [22m [36m25.30 kB[39m[2m | [22m
[2m...and 26 more lazy chunks files. Use "--verbose" to show all the files.[22m

Application bundle generation complete. [0.013 seconds] - 2026-05-12T11:50:06.279Z

[33m>[39m Changes detected. Rebuilding...
[32m√[39m Changes detected. Rebuilding...
[1mInitial chunk files[22m[2m | [22m[1mNames[22m                [2m | [22m [1mRaw size[22m
[32mmain.js[39m            [2m | [22m[2mmain[22m                 [2m | [22m [36m20.11 kB[39m[2m | [22m

[1mLazy chunk files[22m   [2m | [22m[1mNames[22m                [2m | [22m [1mRaw size[22m
[32mchunk-MFX4Q6VZ.js[39m  [2m | [22m[2mpublic-home-component[22m[2m | [22m[36m190.50 kB[39m[2m | [22m

Application bundle generation complete. [0.898 seconds] - 2026-05-12T11:55:43.060Z

Page reload sent to client(s).
[33m>[39m Changes detected. Rebuilding...
[32m√[39m Changes detected. Rebuilding...
[1mInitial chunk files[22m[2m | [22m[1mNames[22m                [2m | [22m [1mRaw size[22m
[32mmain.js[39m            [2m | [22m[2mmain[22m                 [2m | [22m [36m20.11 kB[39m[2m | [22m

[1mLazy chunk files[22m   [2m | [22m[1mNames[22m                [2m | [22m [1mRaw size[22m
[32mchunk-2N6TSGPN.js[39m  [2m | [22m[2mpublic-home-component[22m[2m | [22m[36m190.50 kB[39m[2m | [22m

Application bundle generation complete. [1.039 seconds] - 2026-05-12T11:55:59.723Z

Component update sent to client(s).
[33m>[39m Changes detected. Rebuilding...
[32m√[39m Changes detected. Rebuilding...
[1mInitial chunk files[22m[2m | [22m[1mNames[22m                           [2m | [22m [1mRaw size[22m
[32mchunk-7TCZ32FM.js[39m  [2m | [22m[2m-[22m                               [2m | [22m [36m97.61 kB[39m[2m | [22m
[32mstyles.css[39m         [2m | [22m[2mstyles[22m                          [2m | [22m [36m75.54 kB[39m[2m | [22m
[32mmain.js[39m            [2m | [22m[2mmain[22m                            [2m | [22m [36m20.11 kB[39m[2m | [22m
[32mchunk-6VYEP5LT.js[39m  [2m | [22m[2m-[22m                               [2m | [22m  [36m8.64 kB[39m[2m | [22m
[32mchunk-W7J32LVE.js[39m  [2m | [22m[2m-[22m                               [2m | [22m  [36m7.13 kB[39m[2m | [22m
[32mchunk-MVYUI4RQ.js[39m  [2m | [22m[2m-[22m                               [2m | [22m  [36m3.12 kB[39m[2m | [22m
[32mchunk-RMG7G3OQ.js[39m  [2m | [22m[2m-[22m                               [2m | [22m  [36m2.05 kB[39m[2m | [22m
[32mchunk-JAL3ZJFP.js[39m  [2m | [22m[2m-[22m                               [2m | [22m  [36m1.62 kB[39m[2m | [22m
[32mchunk-OWROQROE.js[39m  [2m | [22m[2m-[22m                               [2m | [22m  [36m1.13 kB[39m[2m | [22m

[1m [22m                  [2m | [22m[1mInitial total[22m                   [2m | [22m[1m216.95 kB[22m

[1mLazy chunk files[22m   [2m | [22m[1mNames[22m                           [2m | [22m [1mRaw size[22m
[32mchunk-2N6TSGPN.js[39m  [2m | [22m[2mpublic-home-component[22m           [2m | [22m[36m190.50 kB[39m[2m | [22m
[32mchunk-VMHBWDRY.js[39m  [2m | [22m[2m-[22m                               [2m | [22m [36m76.72 kB[39m[2m | [22m
[32mchunk-Q6LY7VB4.js[39m  [2m | [22m[2madmin-catalog-products-component[22m[2m | [22m [36m63.90 kB[39m[2m | [22m
[32mchunk-QCNZNPZU.js[39m  [2m | [22m[2madmin-quotes-component[22m          [2m | [22m [36m62.51 kB[39m[2m | [22m
[32mchunk-UM4MFLSM.js[39m  [2m | [22m[2madmin-products-component[22m        [2m | [22m [36m58.48 kB[39m[2m | [22m
[32mchunk-RP3IZEDM.js[39m  [2m | [22m[2madmin-resources-component[22m       [2m | [22m [36m57.85 kB[39m[2m | [22m
[32mchunk-4QVFKZIF.js[39m  [2m | [22m[2madmin-visual-editor-component[22m   [2m | [22m [36m46.67 kB[39m[2m | [22m
[32mchunk-WF6KVZZT.js[39m  [2m | [22m[2madmin-site-content-component[22m    [2m | [22m [36m44.79 kB[39m[2m | [22m
[32mchunk-RBM2GE6T.js[39m  [2m | [22m[2madmin-layout-component[22m          [2m | [22m [36m44.51 kB[39m[2m | [22m
[32mchunk-PNLBV3J7.js[39m  [2m | [22m[2madmin-articles-component[22m        [2m | [22m [36m37.80 kB[39m[2m | [22m
[32mchunk-EBTD3CQ5.js[39m  [2m | [22m[2madmin-messages-component[22m        [2m | [22m [36m37.05 kB[39m[2m | [22m
[32mchunk-4KPP5OGO.js[39m  [2m | [22m[2madmin-settings-component[22m        [2m | [22m [36m29.68 kB[39m[2m | [22m
[32mchunk-4IKNDV37.js[39m  [2m | [22m[2madmin-login-component[22m           [2m | [22m [36m28.30 kB[39m[2m | [22m
[32mchunk-M2ME6SLS.js[39m  [2m | [22m[2madmin-origins-component[22m         [2m | [22m [36m27.47 kB[39m[2m | [22m
[32mchunk-QO7V6VTX.js[39m  [2m | [22m[2madmin-dashboard-component[22m       [2m | [22m [36m25.30 kB[39m[2m | [22m
[2m...and 26 more lazy chunks files. Use "--verbose" to show all the files.[22m

Application bundle generation complete. [0.645 seconds] - 2026-05-12T11:56:01.946Z

[33m>[39m Changes detected. Rebuilding...
[32m√[39m Changes detected. Rebuilding...
[1mInitial chunk files[22m[2m | [22m[1mNames[22m                [2m | [22m [1mRaw size[22m
[32mmain.js[39m            [2m | [22m[2mmain[22m                 [2m | [22m [36m20.11 kB[39m[2m | [22m

[1mLazy chunk files[22m   [2m | [22m[1mNames[22m                [2m | [22m [1mRaw size[22m
[32mchunk-XDROSTZK.js[39m  [2m | [22m[2mpublic-home-component[22m[2m | [22m[36m190.59 kB[39m[2m | [22m

Application bundle generation complete. [0.766 seconds] - 2026-05-12T12:01:11.523Z

Component update sent to client(s).
[33m>[39m Changes detected. Rebuilding...
[32m√[39m Changes detected. Rebuilding...
[1mInitial chunk files[22m[2m | [22m[1mNames[22m                [2m | [22m [1mRaw size[22m
[32mmain.js[39m            [2m | [22m[2mmain[22m                 [2m | [22m [36m20.11 kB[39m[2m | [22m

[1mLazy chunk files[22m   [2m | [22m[1mNames[22m                [2m | [22m [1mRaw size[22m
[32mchunk-BVLNY6SV.js[39m  [2m | [22m[2mpublic-home-component[22m[2m | [22m[36m190.59 kB[39m[2m | [22m

Application bundle generation complete. [0.700 seconds] - 2026-05-12T12:01:53.075Z

Component update sent to client(s).
[33m>[39m Changes detected. Rebuilding...
[32m√[39m Changes detected. Rebuilding...
[1mInitial chunk files[22m[2m | [22m[1mNames[22m                           [2m | [22m [1mRaw size[22m
[32mchunk-7TCZ32FM.js[39m  [2m | [22m[2m-[22m                               [2m | [22m [36m97.61 kB[39m[2m | [22m
[32mstyles.css[39m         [2m | [22m[2mstyles[22m                          [2m | [22m [36m75.54 kB[39m[2m | [22m
[32mmain.js[39m            [2m | [22m[2mmain[22m                            [2m | [22m [36m20.11 kB[39m[2m | [22m
[32mchunk-6VYEP5LT.js[39m  [2m | [22m[2m-[22m                               [2m | [22m  [36m8.64 kB[39m[2m | [22m
[32mchunk-W7J32LVE.js[39m  [2m | [22m[2m-[22m                               [2m | [22m  [36m7.13 kB[39m[2m | [22m
[32mchunk-MVYUI4RQ.js[39m  [2m | [22m[2m-[22m                               [2m | [22m  [36m3.12 kB[39m[2m | [22m
[32mchunk-RMG7G3OQ.js[39m  [2m | [22m[2m-[22m                               [2m | [22m  [36m2.05 kB[39m[2m | [22m
[32mchunk-JAL3ZJFP.js[39m  [2m | [22m[2m-[22m                               [2m | [22m  [36m1.62 kB[39m[2m | [22m
[32mchunk-OWROQROE.js[39m  [2m | [22m[2m-[22m                               [2m | [22m  [36m1.13 kB[39m[2m | [22m

[1m [22m                  [2m | [22m[1mInitial total[22m                   [2m | [22m[1m216.95 kB[22m

[1mLazy chunk files[22m   [2m | [22m[1mNames[22m                           [2m | [22m [1mRaw size[22m
[32mchunk-BVLNY6SV.js[39m  [2m | [22m[2mpublic-home-component[22m           [2m | [22m[36m190.59 kB[39m[2m | [22m
[32mchunk-VMHBWDRY.js[39m  [2m | [22m[2m-[22m                               [2m | [22m [36m76.72 kB[39m[2m | [22m
[32mchunk-Q6LY7VB4.js[39m  [2m | [22m[2madmin-catalog-products-component[22m[2m | [22m [36m63.90 kB[39m[2m | [22m
[32mchunk-QCNZNPZU.js[39m  [2m | [22m[2madmin-quotes-component[22m          [2m | [22m [36m62.51 kB[39m[2m | [22m
[32mchunk-UM4MFLSM.js[39m  [2m | [22m[2madmin-products-component[22m        [2m | [22m [36m58.48 kB[39m[2m | [22m
[32mchunk-RP3IZEDM.js[39m  [2m | [22m[2madmin-resources-component[22m       [2m | [22m [36m57.85 kB[39m[2m | [22m
[32mchunk-4QVFKZIF.js[39m  [2m | [22m[2madmin-visual-editor-component[22m   [2m | [22m [36m46.67 kB[39m[2m | [22m
[32mchunk-WF6KVZZT.js[39m  [2m | [22m[2madmin-site-content-component[22m    [2m | [22m [36m44.79 kB[39m[2m | [22m
[32mchunk-RBM2GE6T.js[39m  [2m | [22m[2madmin-layout-component[22m          [2m | [22m [36m44.51 kB[39m[2m | [22m
[32mchunk-PNLBV3J7.js[39m  [2m | [22m[2madmin-articles-component[22m        [2m | [22m [36m37.80 kB[39m[2m | [22m
[32mchunk-EBTD3CQ5.js[39m  [2m | [22m[2madmin-messages-component[22m        [2m | [22m [36m37.05 kB[39m[2m | [22m
[32mchunk-4KPP5OGO.js[39m  [2m | [22m[2madmin-settings-component[22m        [2m | [22m [36m29.68 kB[39m[2m | [22m
[32mchunk-4IKNDV37.js[39m  [2m | [22m[2madmin-login-component[22m           [2m | [22m [36m28.30 kB[39m[2m | [22m
[32mchunk-M2ME6SLS.js[39m  [2m | [22m[2madmin-origins-component[22m         [2m | [22m [36m27.47 kB[39m[2m | [22m
[32mchunk-QO7V6VTX.js[39m  [2m | [22m[2madmin-dashboard-component[22m       [2m | [22m [36m25.30 kB[39m[2m | [22m
[2m...and 26 more lazy chunks files. Use "--verbose" to show all the files.[22m

Application bundle generation complete. [0.649 seconds] - 2026-05-12T12:04:29.243Z

[33m>[39m Changes detected. Rebuilding...
[32m√[39m Changes detected. Rebuilding...
[1mInitial chunk files[22m[2m | [22m[1mNames[22m                           [2m | [22m [1mRaw size[22m
[32mchunk-7TCZ32FM.js[39m  [2m | [22m[2m-[22m                               [2m | [22m [36m97.61 kB[39m[2m | [22m
[32mstyles.css[39m         [2m | [22m[2mstyles[22m                          [2m | [22m [36m75.54 kB[39m[2m | [22m
[32mmain.js[39m            [2m | [22m[2mmain[22m                            [2m | [22m [36m20.11 kB[39m[2m | [22m
[32mchunk-6VYEP5LT.js[39m  [2m | [22m[2m-[22m                               [2m | [22m  [36m8.64 kB[39m[2m | [22m
[32mchunk-W7J32LVE.js[39m  [2m | [22m[2m-[22m                               [2m | [22m  [36m7.13 kB[39m[2m | [22m
[32mchunk-MVYUI4RQ.js[39m  [2m | [22m[2m-[22m                               [2m | [22m  [36m3.12 kB[39m[2m | [22m
[32mchunk-RMG7G3OQ.js[39m  [2m | [22m[2m-[22m                               [2m | [22m  [36m2.05 kB[39m[2m | [22m
[32mchunk-JAL3ZJFP.js[39m  [2m | [22m[2m-[22m                               [2m | [22m  [36m1.62 kB[39m[2m | [22m
[32mchunk-OWROQROE.js[39m  [2m | [22m[2m-[22m                               [2m | [22m  [36m1.13 kB[39m[2m | [22m

[1m [22m                  [2m | [22m[1mInitial total[22m                   [2m | [22m[1m216.95 kB[22m

[1mLazy chunk files[22m   [2m | [22m[1mNames[22m                           [2m | [22m [1mRaw size[22m
[32mchunk-BVLNY6SV.js[39m  [2m | [22m[2mpublic-home-component[22m           [2m | [22m[36m190.59 kB[39m[2m | [22m
[32mchunk-VMHBWDRY.js[39m  [2m | [22m[2m-[22m                               [2m | [22m [36m76.72 kB[39m[2m | [22m
[32mchunk-Q6LY7VB4.js[39m  [2m | [22m[2madmin-catalog-products-component[22m[2m | [22m [36m63.90 kB[39m[2m | [22m
[32mchunk-QCNZNPZU.js[39m  [2m | [22m[2madmin-quotes-component[22m          [2m | [22m [36m62.51 kB[39m[2m | [22m
[32mchunk-UM4MFLSM.js[39m  [2m | [22m[2madmin-products-component[22m        [2m | [22m [36m58.48 kB[39m[2m | [22m
[32mchunk-RP3IZEDM.js[39m  [2m | [22m[2madmin-resources-component[22m       [2m | [22m [36m57.85 kB[39m[2m | [22m
[32mchunk-4QVFKZIF.js[39m  [2m | [22m[2madmin-visual-editor-component[22m   [2m | [22m [36m46.67 kB[39m[2m | [22m
[32mchunk-WF6KVZZT.js[39m  [2m | [22m[2madmin-site-content-component[22m    [2m | [22m [36m44.79 kB[39m[2m | [22m
[32mchunk-RBM2GE6T.js[39m  [2m | [22m[2madmin-layout-component[22m          [2m | [22m [36m44.51 kB[39m[2m | [22m
[32mchunk-PNLBV3J7.js[39m  [2m | [22m[2madmin-articles-component[22m        [2m | [22m [36m37.80 kB[39m[2m | [22m
[32mchunk-EBTD3CQ5.js[39m  [2m | [22m[2madmin-messages-component[22m        [2m | [22m [36m37.05 kB[39m[2m | [22m
[32mchunk-4KPP5OGO.js[39m  [2m | [22m[2madmin-settings-component[22m        [2m | [22m [36m29.68 kB[39m[2m | [22m
[32mchunk-4IKNDV37.js[39m  [2m | [22m[2madmin-login-component[22m           [2m | [22m [36m28.30 kB[39m[2m | [22m
[32mchunk-M2ME6SLS.js[39m  [2m | [22m[2madmin-origins-component[22m         [2m | [22m [36m27.47 kB[39m[2m | [22m
[32mchunk-QO7V6VTX.js[39m  [2m | [22m[2madmin-dashboard-component[22m       [2m | [22m [36m25.30 kB[39m[2m | [22m
[2m...and 26 more lazy chunks files. Use "--verbose" to show all the files.[22m

Application bundle generation complete. [0.487 seconds] - 2026-05-12T12:04:36.098Z

[33m>[39m Changes detected. Rebuilding...
[32m√[39m Changes detected. Rebuilding...
[1mInitial chunk files[22m[2m | [22m[1mNames[22m                           [2m | [22m [1mRaw size[22m
[32mchunk-7TCZ32FM.js[39m  [2m | [22m[2m-[22m                               [2m | [22m [36m97.61 kB[39m[2m | [22m
[32mstyles.css[39m         [2m | [22m[2mstyles[22m                          [2m | [22m [36m75.54 kB[39m[2m | [22m
[32mmain.js[39m            [2m | [22m[2mmain[22m                            [2m | [22m [36m20.11 kB[39m[2m | [22m
[32mchunk-6VYEP5LT.js[39m  [2m | [22m[2m-[22m                               [2m | [22m  [36m8.64 kB[39m[2m | [22m
[32mchunk-W7J32LVE.js[39m  [2m | [22m[2m-[22m                               [2m | [22m  [36m7.13 kB[39m[2m | [22m
[32mchunk-MVYUI4RQ.js[39m  [2m | [22m[2m-[22m                               [2m | [22m  [36m3.12 kB[39m[2m | [22m
[32mchunk-RMG7G3OQ.js[39m  [2m | [22m[2m-[22m                               [2m | [22m  [36m2.05 kB[39m[2m | [22m
[32mchunk-JAL3ZJFP.js[39m  [2m | [22m[2m-[22m                               [2m | [22m  [36m1.62 kB[39m[2m | [22m
[32mchunk-OWROQROE.js[39m  [2m | [22m[2m-[22m                               [2m | [22m  [36m1.13 kB[39m[2m | [22m

[1m [22m                  [2m | [22m[1mInitial total[22m                   [2m | [22m[1m216.95 kB[22m

[1mLazy chunk files[22m   [2m | [22m[1mNames[22m                           [2m | [22m [1mRaw size[22m
[32mchunk-BVLNY6SV.js[39m  [2m | [22m[2mpublic-home-component[22m           [2m | [22m[36m190.59 kB[39m[2m | [22m
[32mchunk-VMHBWDRY.js[39m  [2m | [22m[2m-[22m                               [2m | [22m [36m76.72 kB[39m[2m | [22m
[32mchunk-Q6LY7VB4.js[39m  [2m | [22m[2madmin-catalog-products-component[22m[2m | [22m [36m63.90 kB[39m[2m | [22m
[32mchunk-QCNZNPZU.js[39m  [2m | [22m[2madmin-quotes-component[22m          [2m | [22m [36m62.51 kB[39m[2m | [22m
[32mchunk-UM4MFLSM.js[39m  [2m | [22m[2madmin-products-component[22m        [2m | [22m [36m58.48 kB[39m[2m | [22m
[32mchunk-RP3IZEDM.js[39m  [2m | [22m[2madmin-resources-component[22m       [2m | [22m [36m57.85 kB[39m[2m | [22m
[32mchunk-4QVFKZIF.js[39m  [2m | [22m[2madmin-visual-editor-component[22m   [2m | [22m [36m46.67 kB[39m[2m | [22m
[32mchunk-WF6KVZZT.js[39m  [2m | [22m[2madmin-site-content-component[22m    [2m | [22m [36m44.79 kB[39m[2m | [22m
[32mchunk-RBM2GE6T.js[39m  [2m | [22m[2madmin-layout-component[22m          [2m | [22m [36m44.51 kB[39m[2m | [22m
[32mchunk-PNLBV3J7.js[39m  [2m | [22m[2madmin-articles-component[22m        [2m | [22m [36m37.80 kB[39m[2m | [22m
[32mchunk-EBTD3CQ5.js[39m  [2m | [22m[2madmin-messages-component[22m        [2m | [22m [36m37.05 kB[39m[2m | [22m
[32mchunk-4KPP5OGO.js[39m  [2m | [22m[2madmin-settings-component[22m        [2m | [22m [36m29.68 kB[39m[2m | [22m
[32mchunk-4IKNDV37.js[39m  [2m | [22m[2madmin-login-component[22m           [2m | [22m [36m28.30 kB[39m[2m | [22m
[32mchunk-M2ME6SLS.js[39m  [2m | [22m[2madmin-origins-component[22m         [2m | [22m [36m27.47 kB[39m[2m | [22m
[32mchunk-QO7V6VTX.js[39m  [2m | [22m[2madmin-dashboard-component[22m       [2m | [22m [36m25.30 kB[39m[2m | [22m
[2m...and 26 more lazy chunks files. Use "--verbose" to show all the files.[22m

Application bundle generation complete. [0.482 seconds] - 2026-05-12T12:05:21.924Z

[33m>[39m Changes detected. Rebuilding...
[32m√[39m Changes detected. Rebuilding...
Application bundle generation failed. [1.222 seconds] - 2026-05-12T12:07:31.610Z

[33m>[39m Changes detected. Rebuilding...
[32m√[39m Changes detected. Rebuilding...
Application bundle generation failed. [3.114 seconds] - 2026-05-12T12:07:40.246Z

[33m>[39m Changes detected. Rebuilding...
[32m√[39m Changes detected. Rebuilding...
Application bundle generation failed. [2.363 seconds] - 2026-05-12T12:07:42.623Z

[33m>[39m Changes detected. Rebuilding...
[32m√[39m Changes detected. Rebuilding...
Application bundle generation failed. [1.347 seconds] - 2026-05-12T12:07:44.796Z

[33m>[39m Changes detected. Rebuilding...
[32m√[39m Changes detected. Rebuilding...
Application bundle generation failed. [0.074 seconds] - 2026-05-12T12:07:48.152Z

[33m>[39m Changes detected. Rebuilding...
[32m√[39m Changes detected. Rebuilding...
Application bundle generation failed. [1.961 seconds] - 2026-05-12T12:08:02.876Z

[33m>[39m Changes detected. Rebuilding...
[32m√[39m Changes detected. Rebuilding...
Application bundle generation failed. [1.782 seconds] - 2026-05-12T12:08:04.682Z

[33m>[39m Changes detected. Rebuilding...
[32m√[39m Changes detected. Rebuilding...
Application bundle generation failed. [1.678 seconds] - 2026-05-12T12:08:06.993Z

